Arguments: 
  D:\node\node.exe C:\Users\10640\AppData\Roaming\npm\node_modules\yarn\bin\yarn.js add webpack webpack-cli webpack-dev-server -D

PATH: 
  C:\Program Files (x86)\Intel\iCLS Client\;C:\Program Files\Intel\iCLS Client\;C:\Windows\system32;C:\Windows;C:\Windows\System32\Wbem;C:\Windows\System32\WindowsPowerShell\v1.0\;C:\Program Files (x86)\Intel\Intel(R) Management Engine Components\DAL;C:\Program Files\Intel\Intel(R) Management Engine Components\DAL;C:\Program Files (x86)\Intel\Intel(R) Management Engine Components\IPT;C:\Program Files\Intel\Intel(R) Management Engine Components\IPT;C:\Program Files (x86)\NVIDIA Corporation\PhysX\Common;C:\Windows\system32;C:\Windows;C:\Windows\System32\Wbem;C:\Windows\System32\WindowsPowerShell\v1.0\;C:\Windows\System32\OpenSSH\;D:\node\;D:\Git\cmd;C:\Users\10640\AppData\Local\Microsoft\WindowsApps;;D:\Microsoft VS Code\bin;C:\Users\10640\AppData\Roaming\npm

Yarn version: 
  1.16.0

Node version: 
  10.15.1

Platform: 
  win32 x64

Trace: 
  Error: connect ECONNABORTED 104.16.22.35:443
      at TCPConnectWrap.afterConnect [as oncomplete] (net.js:1104:14)

npm manifest: 
  {
    "name": "swap_node",
    "version": "1.0.0",
    "description": "",
    "main": "index.js",
    "scripts": {
      "test": "echo \"Error: no test specified\" && exit 1"
    },
    "keywords": [],
    "author": "",
    "license": "ISC"
  }

yarn manifest: 
  No manifest

Lockfile: 
  No lockfile
